<?xml version="1.0" encoding="UTF-8"?>
<!-- Generated by org.testng.reporters.JUnitReportReporter -->
<testsuite skipped="0" hostname="Saranya" name="com.demo.Test2" tests="2" failures="0" timestamp="05 Nov 2017 18:56:31 GMT" time="65.564" errors="0">
  <testcase name="searchSelenium" time="32.619" classname="com.demo.Test2"/>
  <testcase name="searchSelenium" time="32.945" classname="com.demo.Test2"/>
</testsuite> <!-- com.demo.Test2 -->
