<?xml version="1.0" encoding="UTF-8"?>
<!-- Generated by org.testng.reporters.JUnitReportReporter -->
<testsuite skipped="0" hostname="Saranya" name="com.demo.Test3" tests="2" failures="0" timestamp="05 Nov 2017 18:56:31 GMT" time="52.253" errors="0">
  <testcase name="searchSelenium" time="25.955" classname="com.demo.Test3"/>
  <testcase name="searchSelenium" time="26.298" classname="com.demo.Test3"/>
</testsuite> <!-- com.demo.Test3 -->
